<?xml version="1.0" encoding="UTF-8"?>
<!-- Generated by org.testng.reporters.JUnitXMLReporter -->
<testsuite ignored="0" hostname="DESKTOP-DDVD16E" failures="0" tests="3" name="Default test" time="95.959" errors="0" timestamp="15 Dec 2022 07:36:03 GMT">
  <testcase classname="com.flib.setpinto.Assert" name="id" time="0.004"/>
  <testcase classname="com.flib.setpinto.Assert" name="empno" time="0.001"/>
  <testcase classname="com.flib.setpinto.Assert" name="name" time="0.012"/>
</testsuite> <!-- Default test -->
