<?xml version="1.0" encoding="UTF-8"?>
<!-- Generated by org.testng.reporters.JUnitXMLReporter -->
<testsuite ignored="5" hostname="DESKTOP-DDVD16E" failures="0" tests="2" name="Test" time="78.567" errors="0" timestamp="15 Dec 2022 07:27:54 GMT">
  <testcase classname="com.flib.setpinto.MobileSearch" name="test1" time="5.446"/>
  <testcase classname="com.flib.setpinto.MobileSearch" name="test2" time="4.046"/>
  <testcase classname="com.flib.setpinto.MobileSearch" name="refresh" time="0.0">
    <ignored/>
  </testcase> <!-- refresh -->
  <testcase classname="com.flib.setpinto.MobileSearch" name="test6" time="0.0">
    <ignored/>
  </testcase> <!-- test6 -->
  <testcase classname="com.flib.setpinto.MobileSearch" name="test5" time="0.0">
    <ignored/>
  </testcase> <!-- test5 -->
  <testcase classname="com.flib.setpinto.MobileSearch" name="test4" time="0.0">
    <ignored/>
  </testcase> <!-- test4 -->
  <testcase classname="com.flib.setpinto.MobileSearch" name="test3" time="0.0">
    <ignored/>
  </testcase> <!-- test3 -->
</testsuite> <!-- Test -->
